08:25:29 INFO  : Registering command handlers for SDK TCF services
08:25:32 INFO  : Launching XSCT server: xsct.bat -interactive G:\Workspace\temp_xsdb_launch_script.tcl
08:25:42 INFO  : XSCT server has started successfully.
08:25:42 INFO  : Successfully done setting XSCT server connection channel  
08:26:06 INFO  : Successfully done setting SDK workspace  
08:36:44 INFO  : Connected to target on host '127.0.0.1' and port '3121'.
08:36:46 INFO  : 'targets -set -filter {jtag_cable_name =~ "Digilent JTAG-SMT1 210203A3D319A" && level==0} -index 0' command is executed.
08:36:52 INFO  : FPGA configured successfully with bitstream "G:/Workspace/system_top_hw_platform_1/download.bit"
08:38:23 INFO  : Connected to target on host '127.0.0.1' and port '3121'.
08:38:24 INFO  : Jtag cable 'Digilent JTAG-SMT1 210203A3D319A' is selected.
08:38:24 INFO  : 'jtag frequency' command is executed.
08:38:24 INFO  : 'targets -set -filter {jtag_cable_name =~ "Digilent JTAG-SMT1 210203A3D319A" && level==0} -index 0' command is executed.
08:38:30 INFO  : FPGA configured successfully with bitstream "G:/Workspace/system_top_hw_platform_1/download.bit"
08:38:30 INFO  : Context for processor 'mb0' is selected.
08:38:30 INFO  : Hardware design information is loaded from 'G:/Workspace/system_top_hw_platform_1/system.hdf'.
08:38:30 INFO  : Context for processor 'mb0' is selected.
08:38:30 INFO  : Processor reset is completed for 'mb0'.
08:38:30 INFO  : Context for processor 'mb1' is selected.
08:38:30 INFO  : Processor reset is completed for 'mb1'.
08:38:30 INFO  : Context for processor 'mb0' is selected.
08:38:57 INFO  : The application 'G:/Workspace/driver_HDMI/Debug/driver_HDMI.elf' is downloaded to processor 'mb0'.
08:38:57 INFO  : Context for processor 'mb1' is selected.
08:38:59 INFO  : The application 'G:/Workspace/MB1_RTOS/Debug/MB1_RTOS.elf' is downloaded to processor 'mb1'.
08:38:59 INFO  : ----------------XSDB Script----------------
connect -url tcp:127.0.0.1:3121
targets -set -filter {jtag_cable_name =~ "Digilent JTAG-SMT1 210203A3D319A" && level==0} -index 0
fpga -file G:/Workspace/system_top_hw_platform_1/download.bit
targets -set -nocase -filter {name =~ "microblaze*#1" && bscan=="USER2"  && jtag_cable_name =~ "Digilent JTAG-SMT1 210203A3D319A"} -index 0
loadhw G:/Workspace/system_top_hw_platform_1/system.hdf
targets -set -nocase -filter {name =~ "microblaze*#1" && bscan=="USER2"  && jtag_cable_name =~ "Digilent JTAG-SMT1 210203A3D319A"} -index 0
rst -processor
targets -set -nocase -filter {name =~ "microblaze*#0" && bscan=="USER2"  && jtag_cable_name =~ "Digilent JTAG-SMT1 210203A3D319A"} -index 0
rst -processor
targets -set -nocase -filter {name =~ "microblaze*#1" && bscan=="USER2"  && jtag_cable_name =~ "Digilent JTAG-SMT1 210203A3D319A"} -index 0
dow G:/Workspace/driver_HDMI/Debug/driver_HDMI.elf
targets -set -nocase -filter {name =~ "microblaze*#0" && bscan=="USER2"  && jtag_cable_name =~ "Digilent JTAG-SMT1 210203A3D319A"} -index 0
dow G:/Workspace/MB1_RTOS/Debug/MB1_RTOS.elf
----------------End of Script----------------

08:38:59 INFO  : Memory regions updated for context MicroBlaze #1
08:38:59 INFO  : Memory regions updated for context MicroBlaze #0
08:38:59 INFO  : Memory regions updated for context MicroBlaze #1
08:38:59 INFO  : Context for processor 'mb0' is selected.
08:39:00 INFO  : 'con' command is executed.
08:39:00 INFO  : Context for processor 'mb1' is selected.
08:39:00 INFO  : 'con' command is executed.
08:39:00 INFO  : ----------------XSDB Script (After Launch)----------------
targets -set -nocase -filter {name =~ "microblaze*#1" && bscan=="USER2"  && jtag_cable_name =~ "Digilent JTAG-SMT1 210203A3D319A"} -index 0
con
targets -set -nocase -filter {name =~ "microblaze*#0" && bscan=="USER2"  && jtag_cable_name =~ "Digilent JTAG-SMT1 210203A3D319A"} -index 0
con
----------------End of Script----------------

08:39:00 INFO  : Launch script is exported to file 'G:\Workspace\.sdk\launch_scripts\xilinx_c-c++_application_(system_debugger)\system_debugger_on_local.tcl'
08:41:18 INFO  : Disconnected from the channel tcfchan#1.
08:41:19 INFO  : Connected to target on host '127.0.0.1' and port '3121'.
08:41:19 INFO  : Jtag cable 'Digilent JTAG-SMT1 210203A3D319A' is selected.
08:41:19 INFO  : 'jtag frequency' command is executed.
08:41:19 INFO  : 'targets -set -filter {jtag_cable_name =~ "Digilent JTAG-SMT1 210203A3D319A" && level==0} -index 0' command is executed.
08:41:25 INFO  : FPGA configured successfully with bitstream "G:/Workspace/system_top_hw_platform_1/download.bit"
08:41:25 INFO  : Context for processor 'mb0' is selected.
08:41:26 INFO  : Hardware design information is loaded from 'G:/Workspace/system_top_hw_platform_1/system.hdf'.
08:41:26 INFO  : Context for processor 'mb0' is selected.
08:41:26 INFO  : Processor reset is completed for 'mb0'.
08:41:26 INFO  : Context for processor 'mb1' is selected.
08:41:27 INFO  : Processor reset is completed for 'mb1'.
08:41:27 INFO  : Context for processor 'mb0' is selected.
08:41:53 INFO  : The application 'G:/Workspace/driver_HDMI/Debug/driver_HDMI.elf' is downloaded to processor 'mb0'.
08:41:53 INFO  : Context for processor 'mb1' is selected.
08:41:55 INFO  : The application 'G:/Workspace/MB1_RTOS/Debug/MB1_RTOS.elf' is downloaded to processor 'mb1'.
08:41:55 INFO  : ----------------XSDB Script----------------
connect -url tcp:127.0.0.1:3121
targets -set -filter {jtag_cable_name =~ "Digilent JTAG-SMT1 210203A3D319A" && level==0} -index 0
fpga -file G:/Workspace/system_top_hw_platform_1/download.bit
targets -set -nocase -filter {name =~ "microblaze*#1" && bscan=="USER2"  && jtag_cable_name =~ "Digilent JTAG-SMT1 210203A3D319A"} -index 0
loadhw G:/Workspace/system_top_hw_platform_1/system.hdf
targets -set -nocase -filter {name =~ "microblaze*#1" && bscan=="USER2"  && jtag_cable_name =~ "Digilent JTAG-SMT1 210203A3D319A"} -index 0
rst -processor
targets -set -nocase -filter {name =~ "microblaze*#0" && bscan=="USER2"  && jtag_cable_name =~ "Digilent JTAG-SMT1 210203A3D319A"} -index 0
rst -processor
targets -set -nocase -filter {name =~ "microblaze*#1" && bscan=="USER2"  && jtag_cable_name =~ "Digilent JTAG-SMT1 210203A3D319A"} -index 0
dow G:/Workspace/driver_HDMI/Debug/driver_HDMI.elf
targets -set -nocase -filter {name =~ "microblaze*#0" && bscan=="USER2"  && jtag_cable_name =~ "Digilent JTAG-SMT1 210203A3D319A"} -index 0
dow G:/Workspace/MB1_RTOS/Debug/MB1_RTOS.elf
----------------End of Script----------------

08:41:55 INFO  : Memory regions updated for context MicroBlaze #1
08:41:55 INFO  : Memory regions updated for context MicroBlaze #0
08:41:55 INFO  : Memory regions updated for context MicroBlaze #1
08:41:55 INFO  : Context for processor 'mb0' is selected.
08:41:55 INFO  : 'con' command is executed.
08:41:55 INFO  : Context for processor 'mb1' is selected.
08:41:55 INFO  : 'con' command is executed.
08:41:55 INFO  : ----------------XSDB Script (After Launch)----------------
targets -set -nocase -filter {name =~ "microblaze*#1" && bscan=="USER2"  && jtag_cable_name =~ "Digilent JTAG-SMT1 210203A3D319A"} -index 0
con
targets -set -nocase -filter {name =~ "microblaze*#0" && bscan=="USER2"  && jtag_cable_name =~ "Digilent JTAG-SMT1 210203A3D319A"} -index 0
con
----------------End of Script----------------

08:41:55 INFO  : Launch script is exported to file 'G:\Workspace\.sdk\launch_scripts\xilinx_c-c++_application_(system_debugger)\system_debugger_on_local.tcl'
08:43:39 INFO  : Disconnected from the channel tcfchan#2.
08:43:40 INFO  : Connected to target on host '127.0.0.1' and port '3121'.
08:43:40 INFO  : Jtag cable 'Digilent JTAG-SMT1 210203A3D319A' is selected.
08:43:40 INFO  : 'jtag frequency' command is executed.
08:43:40 INFO  : 'targets -set -filter {jtag_cable_name =~ "Digilent JTAG-SMT1 210203A3D319A" && level==0} -index 0' command is executed.
08:43:46 INFO  : FPGA configured successfully with bitstream "G:/Workspace/system_top_hw_platform_1/download.bit"
08:43:46 INFO  : Context for processor 'mb0' is selected.
08:43:47 INFO  : Hardware design information is loaded from 'G:/Workspace/system_top_hw_platform_1/system.hdf'.
08:43:47 INFO  : Context for processor 'mb0' is selected.
08:43:47 INFO  : Processor reset is completed for 'mb0'.
08:43:47 INFO  : Context for processor 'mb1' is selected.
08:43:47 INFO  : Processor reset is completed for 'mb1'.
08:43:47 INFO  : Context for processor 'mb0' is selected.
08:44:14 INFO  : The application 'G:/Workspace/driver_HDMI/Debug/driver_HDMI.elf' is downloaded to processor 'mb0'.
08:44:14 INFO  : Context for processor 'mb1' is selected.
08:44:16 INFO  : The application 'G:/Workspace/MB1_RTOS/Debug/MB1_RTOS.elf' is downloaded to processor 'mb1'.
08:44:16 INFO  : ----------------XSDB Script----------------
connect -url tcp:127.0.0.1:3121
targets -set -filter {jtag_cable_name =~ "Digilent JTAG-SMT1 210203A3D319A" && level==0} -index 0
fpga -file G:/Workspace/system_top_hw_platform_1/download.bit
targets -set -nocase -filter {name =~ "microblaze*#1" && bscan=="USER2"  && jtag_cable_name =~ "Digilent JTAG-SMT1 210203A3D319A"} -index 0
loadhw G:/Workspace/system_top_hw_platform_1/system.hdf
targets -set -nocase -filter {name =~ "microblaze*#1" && bscan=="USER2"  && jtag_cable_name =~ "Digilent JTAG-SMT1 210203A3D319A"} -index 0
rst -processor
targets -set -nocase -filter {name =~ "microblaze*#0" && bscan=="USER2"  && jtag_cable_name =~ "Digilent JTAG-SMT1 210203A3D319A"} -index 0
rst -processor
targets -set -nocase -filter {name =~ "microblaze*#1" && bscan=="USER2"  && jtag_cable_name =~ "Digilent JTAG-SMT1 210203A3D319A"} -index 0
dow G:/Workspace/driver_HDMI/Debug/driver_HDMI.elf
targets -set -nocase -filter {name =~ "microblaze*#0" && bscan=="USER2"  && jtag_cable_name =~ "Digilent JTAG-SMT1 210203A3D319A"} -index 0
dow G:/Workspace/MB1_RTOS/Debug/MB1_RTOS.elf
----------------End of Script----------------

08:44:16 INFO  : Memory regions updated for context MicroBlaze #1
08:44:16 INFO  : Memory regions updated for context MicroBlaze #0
08:44:16 INFO  : Memory regions updated for context MicroBlaze #1
08:44:16 INFO  : Context for processor 'mb0' is selected.
08:44:17 INFO  : 'con' command is executed.
08:44:17 INFO  : Context for processor 'mb1' is selected.
08:44:17 INFO  : 'con' command is executed.
08:44:17 INFO  : ----------------XSDB Script (After Launch)----------------
targets -set -nocase -filter {name =~ "microblaze*#1" && bscan=="USER2"  && jtag_cable_name =~ "Digilent JTAG-SMT1 210203A3D319A"} -index 0
con
targets -set -nocase -filter {name =~ "microblaze*#0" && bscan=="USER2"  && jtag_cable_name =~ "Digilent JTAG-SMT1 210203A3D319A"} -index 0
con
----------------End of Script----------------

08:44:17 INFO  : Launch script is exported to file 'G:\Workspace\.sdk\launch_scripts\xilinx_c-c++_application_(system_debugger)\system_debugger_on_local.tcl'
08:45:36 INFO  : Disconnected from the channel tcfchan#3.
08:45:37 INFO  : Connected to target on host '127.0.0.1' and port '3121'.
08:45:38 INFO  : Jtag cable 'Digilent JTAG-SMT1 210203A3D319A' is selected.
08:45:38 INFO  : 'jtag frequency' command is executed.
08:45:38 INFO  : 'targets -set -filter {jtag_cable_name =~ "Digilent JTAG-SMT1 210203A3D319A" && level==0} -index 0' command is executed.
08:45:44 INFO  : FPGA configured successfully with bitstream "G:/Workspace/system_top_hw_platform_1/download.bit"
08:45:44 INFO  : Context for processor 'mb0' is selected.
08:45:45 INFO  : Hardware design information is loaded from 'G:/Workspace/system_top_hw_platform_1/system.hdf'.
08:45:45 INFO  : Context for processor 'mb0' is selected.
08:45:45 INFO  : Processor reset is completed for 'mb0'.
08:45:45 INFO  : Context for processor 'mb1' is selected.
08:45:45 INFO  : Processor reset is completed for 'mb1'.
08:45:45 INFO  : Context for processor 'mb0' is selected.
08:46:13 INFO  : The application 'G:/Workspace/driver_HDMI/Debug/driver_HDMI.elf' is downloaded to processor 'mb0'.
08:46:13 INFO  : Context for processor 'mb1' is selected.
08:46:15 INFO  : The application 'G:/Workspace/MB1_RTOS/Debug/MB1_RTOS.elf' is downloaded to processor 'mb1'.
08:46:15 INFO  : ----------------XSDB Script----------------
connect -url tcp:127.0.0.1:3121
targets -set -filter {jtag_cable_name =~ "Digilent JTAG-SMT1 210203A3D319A" && level==0} -index 0
fpga -file G:/Workspace/system_top_hw_platform_1/download.bit
targets -set -nocase -filter {name =~ "microblaze*#1" && bscan=="USER2"  && jtag_cable_name =~ "Digilent JTAG-SMT1 210203A3D319A"} -index 0
loadhw G:/Workspace/system_top_hw_platform_1/system.hdf
targets -set -nocase -filter {name =~ "microblaze*#1" && bscan=="USER2"  && jtag_cable_name =~ "Digilent JTAG-SMT1 210203A3D319A"} -index 0
rst -processor
targets -set -nocase -filter {name =~ "microblaze*#0" && bscan=="USER2"  && jtag_cable_name =~ "Digilent JTAG-SMT1 210203A3D319A"} -index 0
rst -processor
targets -set -nocase -filter {name =~ "microblaze*#1" && bscan=="USER2"  && jtag_cable_name =~ "Digilent JTAG-SMT1 210203A3D319A"} -index 0
dow G:/Workspace/driver_HDMI/Debug/driver_HDMI.elf
targets -set -nocase -filter {name =~ "microblaze*#0" && bscan=="USER2"  && jtag_cable_name =~ "Digilent JTAG-SMT1 210203A3D319A"} -index 0
dow G:/Workspace/MB1_RTOS/Debug/MB1_RTOS.elf
----------------End of Script----------------

08:46:15 INFO  : Memory regions updated for context MicroBlaze #1
08:46:15 INFO  : Memory regions updated for context MicroBlaze #0
08:46:15 INFO  : Memory regions updated for context MicroBlaze #1
08:46:15 INFO  : Context for processor 'mb0' is selected.
08:46:15 INFO  : 'con' command is executed.
08:46:15 INFO  : Context for processor 'mb1' is selected.
08:46:15 INFO  : 'con' command is executed.
08:46:15 INFO  : ----------------XSDB Script (After Launch)----------------
targets -set -nocase -filter {name =~ "microblaze*#1" && bscan=="USER2"  && jtag_cable_name =~ "Digilent JTAG-SMT1 210203A3D319A"} -index 0
con
targets -set -nocase -filter {name =~ "microblaze*#0" && bscan=="USER2"  && jtag_cable_name =~ "Digilent JTAG-SMT1 210203A3D319A"} -index 0
con
----------------End of Script----------------

08:46:15 INFO  : Launch script is exported to file 'G:\Workspace\.sdk\launch_scripts\xilinx_c-c++_application_(system_debugger)\system_debugger_on_local.tcl'
08:55:24 INFO  : Disconnected from the channel tcfchan#4.
08:55:25 INFO  : Connected to target on host '127.0.0.1' and port '3121'.
08:55:26 INFO  : Jtag cable 'Digilent JTAG-SMT1 210203A3D319A' is selected.
08:55:26 INFO  : 'jtag frequency' command is executed.
08:55:26 INFO  : 'targets -set -filter {jtag_cable_name =~ "Digilent JTAG-SMT1 210203A3D319A" && level==0} -index 0' command is executed.
08:55:32 INFO  : FPGA configured successfully with bitstream "G:/Workspace/system_top_hw_platform_1/download.bit"
08:55:32 INFO  : Context for processor 'mb0' is selected.
08:55:33 INFO  : Hardware design information is loaded from 'G:/Workspace/system_top_hw_platform_1/system.hdf'.
08:55:33 INFO  : Context for processor 'mb0' is selected.
08:55:33 INFO  : Processor reset is completed for 'mb0'.
08:55:33 INFO  : Context for processor 'mb1' is selected.
08:55:33 INFO  : Processor reset is completed for 'mb1'.
08:55:34 INFO  : Context for processor 'mb0' is selected.
08:56:00 INFO  : The application 'G:/Workspace/driver_HDMI/Debug/driver_HDMI.elf' is downloaded to processor 'mb0'.
08:56:01 INFO  : Context for processor 'mb1' is selected.
08:56:03 INFO  : The application 'G:/Workspace/MB1_RTOS/Debug/MB1_RTOS.elf' is downloaded to processor 'mb1'.
08:56:03 INFO  : ----------------XSDB Script----------------
connect -url tcp:127.0.0.1:3121
targets -set -filter {jtag_cable_name =~ "Digilent JTAG-SMT1 210203A3D319A" && level==0} -index 0
fpga -file G:/Workspace/system_top_hw_platform_1/download.bit
targets -set -nocase -filter {name =~ "microblaze*#1" && bscan=="USER2"  && jtag_cable_name =~ "Digilent JTAG-SMT1 210203A3D319A"} -index 0
loadhw G:/Workspace/system_top_hw_platform_1/system.hdf
targets -set -nocase -filter {name =~ "microblaze*#1" && bscan=="USER2"  && jtag_cable_name =~ "Digilent JTAG-SMT1 210203A3D319A"} -index 0
rst -processor
targets -set -nocase -filter {name =~ "microblaze*#0" && bscan=="USER2"  && jtag_cable_name =~ "Digilent JTAG-SMT1 210203A3D319A"} -index 0
rst -processor
targets -set -nocase -filter {name =~ "microblaze*#1" && bscan=="USER2"  && jtag_cable_name =~ "Digilent JTAG-SMT1 210203A3D319A"} -index 0
dow G:/Workspace/driver_HDMI/Debug/driver_HDMI.elf
targets -set -nocase -filter {name =~ "microblaze*#0" && bscan=="USER2"  && jtag_cable_name =~ "Digilent JTAG-SMT1 210203A3D319A"} -index 0
dow G:/Workspace/MB1_RTOS/Debug/MB1_RTOS.elf
----------------End of Script----------------

08:56:03 INFO  : Memory regions updated for context MicroBlaze #1
08:56:03 INFO  : Memory regions updated for context MicroBlaze #0
08:56:03 INFO  : Memory regions updated for context MicroBlaze #1
08:56:03 INFO  : Context for processor 'mb0' is selected.
08:56:03 INFO  : 'con' command is executed.
08:56:03 INFO  : Context for processor 'mb1' is selected.
08:56:03 INFO  : 'con' command is executed.
08:56:03 INFO  : ----------------XSDB Script (After Launch)----------------
targets -set -nocase -filter {name =~ "microblaze*#1" && bscan=="USER2"  && jtag_cable_name =~ "Digilent JTAG-SMT1 210203A3D319A"} -index 0
con
targets -set -nocase -filter {name =~ "microblaze*#0" && bscan=="USER2"  && jtag_cable_name =~ "Digilent JTAG-SMT1 210203A3D319A"} -index 0
con
----------------End of Script----------------

08:56:03 INFO  : Launch script is exported to file 'G:\Workspace\.sdk\launch_scripts\xilinx_c-c++_application_(system_debugger)\system_debugger_on_local.tcl'
08:57:38 INFO  : Disconnected from the channel tcfchan#5.
08:57:39 INFO  : Connected to target on host '127.0.0.1' and port '3121'.
08:57:39 INFO  : Jtag cable 'Digilent JTAG-SMT1 210203A3D319A' is selected.
08:57:39 INFO  : 'jtag frequency' command is executed.
08:57:39 INFO  : 'targets -set -filter {jtag_cable_name =~ "Digilent JTAG-SMT1 210203A3D319A" && level==0} -index 0' command is executed.
08:57:45 INFO  : FPGA configured successfully with bitstream "G:/Workspace/system_top_hw_platform_1/download.bit"
08:57:45 INFO  : Context for processor 'mb0' is selected.
08:57:46 INFO  : Hardware design information is loaded from 'G:/Workspace/system_top_hw_platform_1/system.hdf'.
08:57:46 INFO  : Context for processor 'mb1' is selected.
08:57:46 INFO  : Processor reset is completed for 'mb1'.
08:57:46 INFO  : Context for processor 'mb1' is selected.
08:57:48 INFO  : The application 'G:/Workspace/MB1_RTOS/Debug/MB1_RTOS.elf' is downloaded to processor 'mb1'.
08:57:48 INFO  : ----------------XSDB Script----------------
connect -url tcp:127.0.0.1:3121
targets -set -filter {jtag_cable_name =~ "Digilent JTAG-SMT1 210203A3D319A" && level==0} -index 0
fpga -file G:/Workspace/system_top_hw_platform_1/download.bit
targets -set -nocase -filter {name =~ "microblaze*#1" && bscan=="USER2"  && jtag_cable_name =~ "Digilent JTAG-SMT1 210203A3D319A"} -index 0
loadhw G:/Workspace/system_top_hw_platform_1/system.hdf
targets -set -nocase -filter {name =~ "microblaze*#0" && bscan=="USER2"  && jtag_cable_name =~ "Digilent JTAG-SMT1 210203A3D319A"} -index 0
rst -processor
targets -set -nocase -filter {name =~ "microblaze*#0" && bscan=="USER2"  && jtag_cable_name =~ "Digilent JTAG-SMT1 210203A3D319A"} -index 0
dow G:/Workspace/MB1_RTOS/Debug/MB1_RTOS.elf
----------------End of Script----------------

08:57:48 INFO  : Memory regions updated for context MicroBlaze #1
08:57:48 INFO  : Memory regions updated for context MicroBlaze #0
08:57:48 INFO  : Memory regions updated for context MicroBlaze #1
08:57:49 INFO  : Context for processor 'mb1' is selected.
08:57:49 INFO  : 'con' command is executed.
08:57:49 INFO  : ----------------XSDB Script (After Launch)----------------
targets -set -nocase -filter {name =~ "microblaze*#0" && bscan=="USER2"  && jtag_cable_name =~ "Digilent JTAG-SMT1 210203A3D319A"} -index 0
con
----------------End of Script----------------

08:57:49 INFO  : Launch script is exported to file 'G:\Workspace\.sdk\launch_scripts\xilinx_c-c++_application_(system_debugger)\system_debugger_on_local.tcl'
08:59:02 INFO  : Disconnected from the channel tcfchan#6.
08:59:03 INFO  : Connected to target on host '127.0.0.1' and port '3121'.
08:59:04 INFO  : Jtag cable 'Digilent JTAG-SMT1 210203A3D319A' is selected.
08:59:04 INFO  : 'jtag frequency' command is executed.
08:59:04 INFO  : 'targets -set -filter {jtag_cable_name =~ "Digilent JTAG-SMT1 210203A3D319A" && level==0} -index 0' command is executed.
08:59:10 INFO  : FPGA configured successfully with bitstream "G:/Workspace/system_top_hw_platform_1/download.bit"
08:59:10 INFO  : Context for processor 'mb0' is selected.
08:59:10 INFO  : Hardware design information is loaded from 'G:/Workspace/system_top_hw_platform_1/system.hdf'.
08:59:10 INFO  : Context for processor 'mb1' is selected.
08:59:11 INFO  : Processor reset is completed for 'mb1'.
08:59:11 INFO  : Context for processor 'mb1' is selected.
08:59:13 INFO  : The application 'G:/Workspace/MB1_RTOS/Debug/MB1_RTOS.elf' is downloaded to processor 'mb1'.
08:59:13 INFO  : ----------------XSDB Script----------------
connect -url tcp:127.0.0.1:3121
targets -set -filter {jtag_cable_name =~ "Digilent JTAG-SMT1 210203A3D319A" && level==0} -index 0
fpga -file G:/Workspace/system_top_hw_platform_1/download.bit
targets -set -nocase -filter {name =~ "microblaze*#1" && bscan=="USER2"  && jtag_cable_name =~ "Digilent JTAG-SMT1 210203A3D319A"} -index 0
loadhw G:/Workspace/system_top_hw_platform_1/system.hdf
targets -set -nocase -filter {name =~ "microblaze*#0" && bscan=="USER2"  && jtag_cable_name =~ "Digilent JTAG-SMT1 210203A3D319A"} -index 0
rst -processor
targets -set -nocase -filter {name =~ "microblaze*#0" && bscan=="USER2"  && jtag_cable_name =~ "Digilent JTAG-SMT1 210203A3D319A"} -index 0
dow G:/Workspace/MB1_RTOS/Debug/MB1_RTOS.elf
----------------End of Script----------------

08:59:13 INFO  : Memory regions updated for context MicroBlaze #1
08:59:13 INFO  : Memory regions updated for context MicroBlaze #0
08:59:13 INFO  : Memory regions updated for context MicroBlaze #1
08:59:13 INFO  : Context for processor 'mb1' is selected.
08:59:13 INFO  : 'con' command is executed.
08:59:13 INFO  : ----------------XSDB Script (After Launch)----------------
targets -set -nocase -filter {name =~ "microblaze*#0" && bscan=="USER2"  && jtag_cable_name =~ "Digilent JTAG-SMT1 210203A3D319A"} -index 0
con
----------------End of Script----------------

08:59:13 INFO  : Launch script is exported to file 'G:\Workspace\.sdk\launch_scripts\xilinx_c-c++_application_(system_debugger)\system_debugger_on_local.tcl'
09:00:18 INFO  : Disconnected from the channel tcfchan#7.
09:00:19 INFO  : Connected to target on host '127.0.0.1' and port '3121'.
09:00:20 INFO  : Jtag cable 'Digilent JTAG-SMT1 210203A3D319A' is selected.
09:00:20 INFO  : 'jtag frequency' command is executed.
09:00:20 INFO  : 'targets -set -filter {jtag_cable_name =~ "Digilent JTAG-SMT1 210203A3D319A" && level==0} -index 0' command is executed.
09:00:26 INFO  : FPGA configured successfully with bitstream "G:/Workspace/system_top_hw_platform_1/download.bit"
09:00:26 INFO  : Context for processor 'mb0' is selected.
09:00:27 INFO  : Hardware design information is loaded from 'G:/Workspace/system_top_hw_platform_1/system.hdf'.
09:00:27 INFO  : Context for processor 'mb0' is selected.
09:00:27 INFO  : Processor reset is completed for 'mb0'.
09:00:27 INFO  : Context for processor 'mb1' is selected.
09:00:27 INFO  : Processor reset is completed for 'mb1'.
09:00:27 INFO  : Context for processor 'mb0' is selected.
09:00:54 INFO  : The application 'G:/Workspace/driver_HDMI/Debug/driver_HDMI.elf' is downloaded to processor 'mb0'.
09:00:54 INFO  : Context for processor 'mb1' is selected.
09:00:56 INFO  : The application 'G:/Workspace/MB1_RTOS/Debug/MB1_RTOS.elf' is downloaded to processor 'mb1'.
09:00:56 INFO  : ----------------XSDB Script----------------
connect -url tcp:127.0.0.1:3121
targets -set -filter {jtag_cable_name =~ "Digilent JTAG-SMT1 210203A3D319A" && level==0} -index 0
fpga -file G:/Workspace/system_top_hw_platform_1/download.bit
targets -set -nocase -filter {name =~ "microblaze*#1" && bscan=="USER2"  && jtag_cable_name =~ "Digilent JTAG-SMT1 210203A3D319A"} -index 0
loadhw G:/Workspace/system_top_hw_platform_1/system.hdf
targets -set -nocase -filter {name =~ "microblaze*#1" && bscan=="USER2"  && jtag_cable_name =~ "Digilent JTAG-SMT1 210203A3D319A"} -index 0
rst -processor
targets -set -nocase -filter {name =~ "microblaze*#0" && bscan=="USER2"  && jtag_cable_name =~ "Digilent JTAG-SMT1 210203A3D319A"} -index 0
rst -processor
targets -set -nocase -filter {name =~ "microblaze*#1" && bscan=="USER2"  && jtag_cable_name =~ "Digilent JTAG-SMT1 210203A3D319A"} -index 0
dow G:/Workspace/driver_HDMI/Debug/driver_HDMI.elf
targets -set -nocase -filter {name =~ "microblaze*#0" && bscan=="USER2"  && jtag_cable_name =~ "Digilent JTAG-SMT1 210203A3D319A"} -index 0
dow G:/Workspace/MB1_RTOS/Debug/MB1_RTOS.elf
----------------End of Script----------------

09:00:56 INFO  : Memory regions updated for context MicroBlaze #1
09:00:56 INFO  : Memory regions updated for context MicroBlaze #0
09:00:56 INFO  : Memory regions updated for context MicroBlaze #1
09:00:56 INFO  : Context for processor 'mb0' is selected.
09:00:56 INFO  : 'con' command is executed.
09:00:57 INFO  : Context for processor 'mb1' is selected.
09:00:57 INFO  : 'con' command is executed.
09:00:57 INFO  : ----------------XSDB Script (After Launch)----------------
targets -set -nocase -filter {name =~ "microblaze*#1" && bscan=="USER2"  && jtag_cable_name =~ "Digilent JTAG-SMT1 210203A3D319A"} -index 0
con
targets -set -nocase -filter {name =~ "microblaze*#0" && bscan=="USER2"  && jtag_cable_name =~ "Digilent JTAG-SMT1 210203A3D319A"} -index 0
con
----------------End of Script----------------

09:00:57 INFO  : Launch script is exported to file 'G:\Workspace\.sdk\launch_scripts\xilinx_c-c++_application_(system_debugger)\system_debugger_on_local.tcl'
09:02:50 INFO  : Disconnected from the channel tcfchan#8.
09:02:52 INFO  : Connected to target on host '127.0.0.1' and port '3121'.
09:02:52 INFO  : Jtag cable 'Digilent JTAG-SMT1 210203A3D319A' is selected.
09:02:52 INFO  : 'jtag frequency' command is executed.
09:02:52 INFO  : 'targets -set -filter {jtag_cable_name =~ "Digilent JTAG-SMT1 210203A3D319A" && level==0} -index 0' command is executed.
09:02:58 INFO  : FPGA configured successfully with bitstream "G:/Workspace/system_top_hw_platform_1/download.bit"
09:02:58 INFO  : Context for processor 'mb0' is selected.
09:02:59 INFO  : Hardware design information is loaded from 'G:/Workspace/system_top_hw_platform_1/system.hdf'.
09:02:59 INFO  : Context for processor 'mb0' is selected.
09:02:59 INFO  : Processor reset is completed for 'mb0'.
09:02:59 INFO  : Context for processor 'mb1' is selected.
09:02:59 INFO  : Processor reset is completed for 'mb1'.
09:02:59 INFO  : Context for processor 'mb0' is selected.
09:03:25 INFO  : The application 'G:/Workspace/driver_HDMI/Debug/driver_HDMI.elf' is downloaded to processor 'mb0'.
09:03:25 INFO  : Context for processor 'mb1' is selected.
09:03:27 INFO  : The application 'G:/Workspace/MB1_RTOS/Debug/MB1_RTOS.elf' is downloaded to processor 'mb1'.
09:03:27 INFO  : ----------------XSDB Script----------------
connect -url tcp:127.0.0.1:3121
targets -set -filter {jtag_cable_name =~ "Digilent JTAG-SMT1 210203A3D319A" && level==0} -index 0
fpga -file G:/Workspace/system_top_hw_platform_1/download.bit
targets -set -nocase -filter {name =~ "microblaze*#1" && bscan=="USER2"  && jtag_cable_name =~ "Digilent JTAG-SMT1 210203A3D319A"} -index 0
loadhw G:/Workspace/system_top_hw_platform_1/system.hdf
targets -set -nocase -filter {name =~ "microblaze*#1" && bscan=="USER2"  && jtag_cable_name =~ "Digilent JTAG-SMT1 210203A3D319A"} -index 0
rst -processor
targets -set -nocase -filter {name =~ "microblaze*#0" && bscan=="USER2"  && jtag_cable_name =~ "Digilent JTAG-SMT1 210203A3D319A"} -index 0
rst -processor
targets -set -nocase -filter {name =~ "microblaze*#1" && bscan=="USER2"  && jtag_cable_name =~ "Digilent JTAG-SMT1 210203A3D319A"} -index 0
dow G:/Workspace/driver_HDMI/Debug/driver_HDMI.elf
targets -set -nocase -filter {name =~ "microblaze*#0" && bscan=="USER2"  && jtag_cable_name =~ "Digilent JTAG-SMT1 210203A3D319A"} -index 0
dow G:/Workspace/MB1_RTOS/Debug/MB1_RTOS.elf
----------------End of Script----------------

09:03:27 INFO  : Memory regions updated for context MicroBlaze #1
09:03:27 INFO  : Memory regions updated for context MicroBlaze #0
09:03:27 INFO  : Memory regions updated for context MicroBlaze #1
09:03:27 INFO  : Context for processor 'mb0' is selected.
09:03:27 INFO  : 'con' command is executed.
09:03:27 INFO  : Context for processor 'mb1' is selected.
09:03:27 INFO  : 'con' command is executed.
09:03:27 INFO  : ----------------XSDB Script (After Launch)----------------
targets -set -nocase -filter {name =~ "microblaze*#1" && bscan=="USER2"  && jtag_cable_name =~ "Digilent JTAG-SMT1 210203A3D319A"} -index 0
con
targets -set -nocase -filter {name =~ "microblaze*#0" && bscan=="USER2"  && jtag_cable_name =~ "Digilent JTAG-SMT1 210203A3D319A"} -index 0
con
----------------End of Script----------------

09:03:27 INFO  : Launch script is exported to file 'G:\Workspace\.sdk\launch_scripts\xilinx_c-c++_application_(system_debugger)\system_debugger_on_local.tcl'
09:06:14 INFO  : Disconnected from the channel tcfchan#9.
09:06:15 INFO  : Connected to target on host '127.0.0.1' and port '3121'.
09:06:16 INFO  : Jtag cable 'Digilent JTAG-SMT1 210203A3D319A' is selected.
09:06:16 INFO  : 'jtag frequency' command is executed.
09:06:16 INFO  : 'targets -set -filter {jtag_cable_name =~ "Digilent JTAG-SMT1 210203A3D319A" && level==0} -index 0' command is executed.
09:06:22 INFO  : FPGA configured successfully with bitstream "G:/Workspace/system_top_hw_platform_1/download.bit"
09:06:22 INFO  : Context for processor 'mb0' is selected.
09:06:23 INFO  : Hardware design information is loaded from 'G:/Workspace/system_top_hw_platform_1/system.hdf'.
09:06:23 INFO  : Context for processor 'mb0' is selected.
09:06:23 INFO  : Processor reset is completed for 'mb0'.
09:06:23 INFO  : Context for processor 'mb1' is selected.
09:06:23 INFO  : Processor reset is completed for 'mb1'.
09:06:23 INFO  : Context for processor 'mb0' is selected.
09:06:42 INFO  : The application 'G:/Workspace/driver_HDMI/Debug/driver_HDMI.elf' is downloaded to processor 'mb0'.
09:06:42 INFO  : Context for processor 'mb1' is selected.
09:06:44 INFO  : The application 'G:/Workspace/MB1_RTOS/Debug/MB1_RTOS.elf' is downloaded to processor 'mb1'.
09:06:44 INFO  : ----------------XSDB Script----------------
connect -url tcp:127.0.0.1:3121
targets -set -filter {jtag_cable_name =~ "Digilent JTAG-SMT1 210203A3D319A" && level==0} -index 0
fpga -file G:/Workspace/system_top_hw_platform_1/download.bit
targets -set -nocase -filter {name =~ "microblaze*#1" && bscan=="USER2"  && jtag_cable_name =~ "Digilent JTAG-SMT1 210203A3D319A"} -index 0
loadhw G:/Workspace/system_top_hw_platform_1/system.hdf
targets -set -nocase -filter {name =~ "microblaze*#1" && bscan=="USER2"  && jtag_cable_name =~ "Digilent JTAG-SMT1 210203A3D319A"} -index 0
rst -processor
targets -set -nocase -filter {name =~ "microblaze*#0" && bscan=="USER2"  && jtag_cable_name =~ "Digilent JTAG-SMT1 210203A3D319A"} -index 0
rst -processor
targets -set -nocase -filter {name =~ "microblaze*#1" && bscan=="USER2"  && jtag_cable_name =~ "Digilent JTAG-SMT1 210203A3D319A"} -index 0
dow G:/Workspace/driver_HDMI/Debug/driver_HDMI.elf
targets -set -nocase -filter {name =~ "microblaze*#0" && bscan=="USER2"  && jtag_cable_name =~ "Digilent JTAG-SMT1 210203A3D319A"} -index 0
dow G:/Workspace/MB1_RTOS/Debug/MB1_RTOS.elf
----------------End of Script----------------

09:06:44 INFO  : Memory regions updated for context MicroBlaze #1
09:06:44 INFO  : Memory regions updated for context MicroBlaze #0
09:06:44 INFO  : Memory regions updated for context MicroBlaze #1
09:06:44 INFO  : Context for processor 'mb0' is selected.
09:06:44 INFO  : 'con' command is executed.
09:06:44 INFO  : Context for processor 'mb1' is selected.
09:06:44 INFO  : 'con' command is executed.
09:06:44 INFO  : ----------------XSDB Script (After Launch)----------------
targets -set -nocase -filter {name =~ "microblaze*#1" && bscan=="USER2"  && jtag_cable_name =~ "Digilent JTAG-SMT1 210203A3D319A"} -index 0
con
targets -set -nocase -filter {name =~ "microblaze*#0" && bscan=="USER2"  && jtag_cable_name =~ "Digilent JTAG-SMT1 210203A3D319A"} -index 0
con
----------------End of Script----------------

09:06:44 INFO  : Launch script is exported to file 'G:\Workspace\.sdk\launch_scripts\xilinx_c-c++_application_(system_debugger)\system_debugger_on_local.tcl'
09:06:50 INFO  : Disconnected from the channel tcfchan#10.
09:06:51 INFO  : Connected to target on host '127.0.0.1' and port '3121'.
09:06:52 INFO  : Jtag cable 'Digilent JTAG-SMT1 210203A3D319A' is selected.
09:06:52 INFO  : 'jtag frequency' command is executed.
09:06:52 INFO  : 'targets -set -filter {jtag_cable_name =~ "Digilent JTAG-SMT1 210203A3D319A" && level==0} -index 0' command is executed.
09:06:58 INFO  : FPGA configured successfully with bitstream "G:/Workspace/system_top_hw_platform_1/download.bit"
09:06:58 INFO  : Context for processor 'mb0' is selected.
09:06:58 INFO  : Hardware design information is loaded from 'G:/Workspace/system_top_hw_platform_1/system.hdf'.
09:06:59 INFO  : Context for processor 'mb0' is selected.
09:06:59 INFO  : Processor reset is completed for 'mb0'.
09:06:59 INFO  : Context for processor 'mb1' is selected.
09:06:59 INFO  : Processor reset is completed for 'mb1'.
09:06:59 INFO  : Context for processor 'mb0' is selected.
09:07:19 INFO  : The application 'G:/Workspace/driver_HDMI/Debug/driver_HDMI.elf' is downloaded to processor 'mb0'.
09:07:19 INFO  : Context for processor 'mb1' is selected.
09:07:21 INFO  : The application 'G:/Workspace/MB1_RTOS/Debug/MB1_RTOS.elf' is downloaded to processor 'mb1'.
09:07:21 INFO  : ----------------XSDB Script----------------
connect -url tcp:127.0.0.1:3121
targets -set -filter {jtag_cable_name =~ "Digilent JTAG-SMT1 210203A3D319A" && level==0} -index 0
fpga -file G:/Workspace/system_top_hw_platform_1/download.bit
targets -set -nocase -filter {name =~ "microblaze*#1" && bscan=="USER2"  && jtag_cable_name =~ "Digilent JTAG-SMT1 210203A3D319A"} -index 0
loadhw G:/Workspace/system_top_hw_platform_1/system.hdf
targets -set -nocase -filter {name =~ "microblaze*#1" && bscan=="USER2"  && jtag_cable_name =~ "Digilent JTAG-SMT1 210203A3D319A"} -index 0
rst -processor
targets -set -nocase -filter {name =~ "microblaze*#0" && bscan=="USER2"  && jtag_cable_name =~ "Digilent JTAG-SMT1 210203A3D319A"} -index 0
rst -processor
targets -set -nocase -filter {name =~ "microblaze*#1" && bscan=="USER2"  && jtag_cable_name =~ "Digilent JTAG-SMT1 210203A3D319A"} -index 0
dow G:/Workspace/driver_HDMI/Debug/driver_HDMI.elf
targets -set -nocase -filter {name =~ "microblaze*#0" && bscan=="USER2"  && jtag_cable_name =~ "Digilent JTAG-SMT1 210203A3D319A"} -index 0
dow G:/Workspace/MB1_RTOS/Debug/MB1_RTOS.elf
----------------End of Script----------------

09:07:21 INFO  : Memory regions updated for context MicroBlaze #1
09:07:21 INFO  : Memory regions updated for context MicroBlaze #0
09:07:21 INFO  : Memory regions updated for context MicroBlaze #1
09:07:21 INFO  : Context for processor 'mb0' is selected.
09:07:21 INFO  : 'con' command is executed.
09:07:21 INFO  : Context for processor 'mb1' is selected.
09:07:21 INFO  : 'con' command is executed.
09:07:21 INFO  : ----------------XSDB Script (After Launch)----------------
targets -set -nocase -filter {name =~ "microblaze*#1" && bscan=="USER2"  && jtag_cable_name =~ "Digilent JTAG-SMT1 210203A3D319A"} -index 0
con
targets -set -nocase -filter {name =~ "microblaze*#0" && bscan=="USER2"  && jtag_cable_name =~ "Digilent JTAG-SMT1 210203A3D319A"} -index 0
con
----------------End of Script----------------

09:07:21 INFO  : Launch script is exported to file 'G:\Workspace\.sdk\launch_scripts\xilinx_c-c++_application_(system_debugger)\system_debugger_on_local.tcl'
09:10:51 INFO  : Disconnected from the channel tcfchan#11.
09:10:52 INFO  : Connected to target on host '127.0.0.1' and port '3121'.
09:10:53 INFO  : Jtag cable 'Digilent JTAG-SMT1 210203A3D319A' is selected.
09:10:53 INFO  : 'jtag frequency' command is executed.
09:10:53 INFO  : 'targets -set -filter {jtag_cable_name =~ "Digilent JTAG-SMT1 210203A3D319A" && level==0} -index 0' command is executed.
09:10:59 INFO  : FPGA configured successfully with bitstream "G:/Workspace/system_top_hw_platform_1/download.bit"
09:10:59 INFO  : Context for processor 'mb0' is selected.
09:11:00 INFO  : Hardware design information is loaded from 'G:/Workspace/system_top_hw_platform_1/system.hdf'.
09:11:00 INFO  : Context for processor 'mb0' is selected.
09:11:00 INFO  : Processor reset is completed for 'mb0'.
09:11:01 INFO  : Context for processor 'mb1' is selected.
09:11:01 INFO  : Processor reset is completed for 'mb1'.
09:11:01 INFO  : Context for processor 'mb0' is selected.
09:11:25 INFO  : The application 'G:/Workspace/driver_HDMI/Debug/driver_HDMI.elf' is downloaded to processor 'mb0'.
09:11:25 INFO  : Connected to target on host '127.0.0.1' and port '3121'.
09:11:25 INFO  : Context for processor 'mb1' is selected.
09:11:27 INFO  : The application 'G:/Workspace/MB1_RTOS/Debug/MB1_RTOS.elf' is downloaded to processor 'mb1'.
09:11:27 INFO  : ----------------XSDB Script----------------
connect -url tcp:127.0.0.1:3121
targets -set -filter {jtag_cable_name =~ "Digilent JTAG-SMT1 210203A3D319A" && level==0} -index 0
fpga -file G:/Workspace/system_top_hw_platform_1/download.bit
targets -set -nocase -filter {name =~ "microblaze*#1" && bscan=="USER2"  && jtag_cable_name =~ "Digilent JTAG-SMT1 210203A3D319A"} -index 0
loadhw G:/Workspace/system_top_hw_platform_1/system.hdf
targets -set -nocase -filter {name =~ "microblaze*#1" && bscan=="USER2"  && jtag_cable_name =~ "Digilent JTAG-SMT1 210203A3D319A"} -index 0
rst -processor
targets -set -nocase -filter {name =~ "microblaze*#0" && bscan=="USER2"  && jtag_cable_name =~ "Digilent JTAG-SMT1 210203A3D319A"} -index 0
rst -processor
targets -set -nocase -filter {name =~ "microblaze*#1" && bscan=="USER2"  && jtag_cable_name =~ "Digilent JTAG-SMT1 210203A3D319A"} -index 0
dow G:/Workspace/driver_HDMI/Debug/driver_HDMI.elf
targets -set -nocase -filter {name =~ "microblaze*#0" && bscan=="USER2"  && jtag_cable_name =~ "Digilent JTAG-SMT1 210203A3D319A"} -index 0
dow G:/Workspace/MB1_RTOS/Debug/MB1_RTOS.elf
----------------End of Script----------------

09:11:27 INFO  : Memory regions updated for context MicroBlaze #1
09:11:27 INFO  : Memory regions updated for context MicroBlaze #0
09:11:27 INFO  : Memory regions updated for context MicroBlaze #1
09:11:27 INFO  : Context for processor 'mb0' is selected.
09:11:27 INFO  : 'con' command is executed.
09:11:27 INFO  : Context for processor 'mb1' is selected.
09:11:27 INFO  : 'con' command is executed.
09:11:27 INFO  : ----------------XSDB Script (After Launch)----------------
targets -set -nocase -filter {name =~ "microblaze*#1" && bscan=="USER2"  && jtag_cable_name =~ "Digilent JTAG-SMT1 210203A3D319A"} -index 0
con
targets -set -nocase -filter {name =~ "microblaze*#0" && bscan=="USER2"  && jtag_cable_name =~ "Digilent JTAG-SMT1 210203A3D319A"} -index 0
con
----------------End of Script----------------

09:11:27 INFO  : Launch script is exported to file 'G:\Workspace\.sdk\launch_scripts\xilinx_c-c++_application_(system_debugger)\system_debugger_on_local.tcl'
09:11:28 INFO  : Jtag cable 'Digilent JTAG-SMT1 210203A3D319A' is selected.
09:11:28 INFO  : 'jtag frequency' command is executed.
09:11:28 INFO  : 'targets -set -filter {jtag_cable_name =~ "Digilent JTAG-SMT1 210203A3D319A" && level==0} -index 0' command is executed.
09:11:34 INFO  : FPGA configured successfully with bitstream "G:/Workspace/system_top_hw_platform_1/download.bit"
09:11:34 INFO  : Context for processor 'mb0' is selected.
09:11:34 INFO  : Hardware design information is loaded from 'G:/Workspace/system_top_hw_platform_1/system.hdf'.
09:11:34 INFO  : Context for processor 'mb0' is selected.
09:11:34 INFO  : Processor reset is completed for 'mb0'.
09:11:34 INFO  : Context for processor 'mb1' is selected.
09:11:34 INFO  : Processor reset is completed for 'mb1'.
09:11:34 INFO  : Context for processor 'mb0' is selected.
09:12:01 INFO  : The application 'G:/Workspace/driver_HDMI/Debug/driver_HDMI.elf' is downloaded to processor 'mb0'.
09:12:01 INFO  : Context for processor 'mb1' is selected.
09:12:03 INFO  : The application 'G:/Workspace/MB1_RTOS/Debug/MB1_RTOS.elf' is downloaded to processor 'mb1'.
09:12:03 INFO  : ----------------XSDB Script----------------
connect -url tcp:127.0.0.1:3121
targets -set -filter {jtag_cable_name =~ "Digilent JTAG-SMT1 210203A3D319A" && level==0} -index 0
fpga -file G:/Workspace/system_top_hw_platform_1/download.bit
targets -set -nocase -filter {name =~ "microblaze*#1" && bscan=="USER2"  && jtag_cable_name =~ "Digilent JTAG-SMT1 210203A3D319A"} -index 0
loadhw G:/Workspace/system_top_hw_platform_1/system.hdf
targets -set -nocase -filter {name =~ "microblaze*#1" && bscan=="USER2"  && jtag_cable_name =~ "Digilent JTAG-SMT1 210203A3D319A"} -index 0
rst -processor
targets -set -nocase -filter {name =~ "microblaze*#0" && bscan=="USER2"  && jtag_cable_name =~ "Digilent JTAG-SMT1 210203A3D319A"} -index 0
rst -processor
targets -set -nocase -filter {name =~ "microblaze*#1" && bscan=="USER2"  && jtag_cable_name =~ "Digilent JTAG-SMT1 210203A3D319A"} -index 0
dow G:/Workspace/driver_HDMI/Debug/driver_HDMI.elf
targets -set -nocase -filter {name =~ "microblaze*#0" && bscan=="USER2"  && jtag_cable_name =~ "Digilent JTAG-SMT1 210203A3D319A"} -index 0
dow G:/Workspace/MB1_RTOS/Debug/MB1_RTOS.elf
----------------End of Script----------------

09:12:03 INFO  : Memory regions updated for context MicroBlaze #1
09:12:03 INFO  : Memory regions updated for context MicroBlaze #0
09:12:03 INFO  : Memory regions updated for context MicroBlaze #1
09:12:03 INFO  : Context for processor 'mb0' is selected.
09:12:03 INFO  : 'con' command is executed.
09:12:03 INFO  : Context for processor 'mb1' is selected.
09:12:03 INFO  : 'con' command is executed.
09:12:03 INFO  : ----------------XSDB Script (After Launch)----------------
targets -set -nocase -filter {name =~ "microblaze*#1" && bscan=="USER2"  && jtag_cable_name =~ "Digilent JTAG-SMT1 210203A3D319A"} -index 0
con
targets -set -nocase -filter {name =~ "microblaze*#0" && bscan=="USER2"  && jtag_cable_name =~ "Digilent JTAG-SMT1 210203A3D319A"} -index 0
con
----------------End of Script----------------

09:12:03 INFO  : Launch script is exported to file 'G:\Workspace\.sdk\launch_scripts\xilinx_c-c++_application_(system_debugger)\system_debugger_on_local.tcl'
09:13:26 INFO  : Disconnected from the channel tcfchan#12.
09:16:08 INFO  : Connected to target on host '127.0.0.1' and port '3121'.
09:16:08 INFO  : Jtag cable 'Digilent JTAG-SMT1 210203A3D319A' is selected.
09:16:08 INFO  : 'jtag frequency' command is executed.
09:16:08 INFO  : 'targets -set -filter {jtag_cable_name =~ "Digilent JTAG-SMT1 210203A3D319A" && level==0} -index 0' command is executed.
09:16:15 INFO  : FPGA configured successfully with bitstream "G:/Workspace/system_top_hw_platform_1/download.bit"
09:16:15 INFO  : Context for processor 'mb0' is selected.
09:16:15 INFO  : Hardware design information is loaded from 'G:/Workspace/system_top_hw_platform_1/system.hdf'.
09:16:16 INFO  : Context for processor 'mb0' is selected.
09:16:16 INFO  : Processor reset is completed for 'mb0'.
09:16:16 INFO  : Context for processor 'mb1' is selected.
09:16:16 INFO  : Processor reset is completed for 'mb1'.
09:16:16 INFO  : Context for processor 'mb0' is selected.
09:16:43 INFO  : The application 'G:/Workspace/driver_HDMI/Debug/driver_HDMI.elf' is downloaded to processor 'mb0'.
09:16:43 INFO  : Context for processor 'mb1' is selected.
09:16:45 INFO  : The application 'G:/Workspace/MB1_RTOS/Debug/MB1_RTOS.elf' is downloaded to processor 'mb1'.
09:16:45 INFO  : ----------------XSDB Script----------------
connect -url tcp:127.0.0.1:3121
targets -set -filter {jtag_cable_name =~ "Digilent JTAG-SMT1 210203A3D319A" && level==0} -index 0
fpga -file G:/Workspace/system_top_hw_platform_1/download.bit
targets -set -nocase -filter {name =~ "microblaze*#1" && bscan=="USER2"  && jtag_cable_name =~ "Digilent JTAG-SMT1 210203A3D319A"} -index 0
loadhw G:/Workspace/system_top_hw_platform_1/system.hdf
targets -set -nocase -filter {name =~ "microblaze*#1" && bscan=="USER2"  && jtag_cable_name =~ "Digilent JTAG-SMT1 210203A3D319A"} -index 0
rst -processor
targets -set -nocase -filter {name =~ "microblaze*#0" && bscan=="USER2"  && jtag_cable_name =~ "Digilent JTAG-SMT1 210203A3D319A"} -index 0
rst -processor
targets -set -nocase -filter {name =~ "microblaze*#1" && bscan=="USER2"  && jtag_cable_name =~ "Digilent JTAG-SMT1 210203A3D319A"} -index 0
dow G:/Workspace/driver_HDMI/Debug/driver_HDMI.elf
targets -set -nocase -filter {name =~ "microblaze*#0" && bscan=="USER2"  && jtag_cable_name =~ "Digilent JTAG-SMT1 210203A3D319A"} -index 0
dow G:/Workspace/MB1_RTOS/Debug/MB1_RTOS.elf
----------------End of Script----------------

09:16:45 INFO  : Memory regions updated for context MicroBlaze #1
09:16:45 INFO  : Memory regions updated for context MicroBlaze #0
09:16:45 INFO  : Memory regions updated for context MicroBlaze #1
09:16:46 INFO  : Context for processor 'mb0' is selected.
09:16:46 INFO  : 'con' command is executed.
09:16:46 INFO  : Context for processor 'mb1' is selected.
09:16:46 INFO  : 'con' command is executed.
09:16:46 INFO  : ----------------XSDB Script (After Launch)----------------
targets -set -nocase -filter {name =~ "microblaze*#1" && bscan=="USER2"  && jtag_cable_name =~ "Digilent JTAG-SMT1 210203A3D319A"} -index 0
con
targets -set -nocase -filter {name =~ "microblaze*#0" && bscan=="USER2"  && jtag_cable_name =~ "Digilent JTAG-SMT1 210203A3D319A"} -index 0
con
----------------End of Script----------------

09:16:46 INFO  : Launch script is exported to file 'G:\Workspace\.sdk\launch_scripts\xilinx_c-c++_application_(system_debugger)\mb1.tcl'
09:18:01 INFO  : Disconnected from the channel tcfchan#13.
09:18:02 INFO  : Connected to target on host '127.0.0.1' and port '3121'.
09:18:03 INFO  : Jtag cable 'Digilent JTAG-SMT1 210203A3D319A' is selected.
09:18:03 INFO  : 'jtag frequency' command is executed.
09:18:03 INFO  : 'targets -set -filter {jtag_cable_name =~ "Digilent JTAG-SMT1 210203A3D319A" && level==0} -index 0' command is executed.
09:18:09 INFO  : FPGA configured successfully with bitstream "G:/Workspace/system_top_hw_platform_1/download.bit"
09:18:09 INFO  : Context for processor 'mb0' is selected.
09:18:09 INFO  : Hardware design information is loaded from 'G:/Workspace/system_top_hw_platform_1/system.hdf'.
09:18:10 INFO  : Context for processor 'mb0' is selected.
09:18:10 INFO  : Processor reset is completed for 'mb0'.
09:18:10 INFO  : Context for processor 'mb1' is selected.
09:18:10 INFO  : Processor reset is completed for 'mb1'.
09:18:10 INFO  : Context for processor 'mb0' is selected.
09:18:37 INFO  : The application 'G:/Workspace/driver_HDMI/Debug/driver_HDMI.elf' is downloaded to processor 'mb0'.
09:18:37 INFO  : Context for processor 'mb1' is selected.
09:18:39 INFO  : The application 'G:/Workspace/MB1_RTOS/Debug/MB1_RTOS.elf' is downloaded to processor 'mb1'.
09:18:39 INFO  : ----------------XSDB Script----------------
connect -url tcp:127.0.0.1:3121
targets -set -filter {jtag_cable_name =~ "Digilent JTAG-SMT1 210203A3D319A" && level==0} -index 0
fpga -file G:/Workspace/system_top_hw_platform_1/download.bit
targets -set -nocase -filter {name =~ "microblaze*#1" && bscan=="USER2"  && jtag_cable_name =~ "Digilent JTAG-SMT1 210203A3D319A"} -index 0
loadhw G:/Workspace/system_top_hw_platform_1/system.hdf
targets -set -nocase -filter {name =~ "microblaze*#1" && bscan=="USER2"  && jtag_cable_name =~ "Digilent JTAG-SMT1 210203A3D319A"} -index 0
rst -processor
targets -set -nocase -filter {name =~ "microblaze*#0" && bscan=="USER2"  && jtag_cable_name =~ "Digilent JTAG-SMT1 210203A3D319A"} -index 0
rst -processor
targets -set -nocase -filter {name =~ "microblaze*#1" && bscan=="USER2"  && jtag_cable_name =~ "Digilent JTAG-SMT1 210203A3D319A"} -index 0
dow G:/Workspace/driver_HDMI/Debug/driver_HDMI.elf
targets -set -nocase -filter {name =~ "microblaze*#0" && bscan=="USER2"  && jtag_cable_name =~ "Digilent JTAG-SMT1 210203A3D319A"} -index 0
dow G:/Workspace/MB1_RTOS/Debug/MB1_RTOS.elf
----------------End of Script----------------

09:18:39 INFO  : Memory regions updated for context MicroBlaze #1
09:18:39 INFO  : Memory regions updated for context MicroBlaze #0
09:18:39 INFO  : Memory regions updated for context MicroBlaze #1
09:18:40 INFO  : Context for processor 'mb0' is selected.
09:18:40 INFO  : 'con' command is executed.
09:18:40 INFO  : Context for processor 'mb1' is selected.
09:18:40 INFO  : 'con' command is executed.
09:18:40 INFO  : ----------------XSDB Script (After Launch)----------------
targets -set -nocase -filter {name =~ "microblaze*#1" && bscan=="USER2"  && jtag_cable_name =~ "Digilent JTAG-SMT1 210203A3D319A"} -index 0
con
targets -set -nocase -filter {name =~ "microblaze*#0" && bscan=="USER2"  && jtag_cable_name =~ "Digilent JTAG-SMT1 210203A3D319A"} -index 0
con
----------------End of Script----------------

09:18:40 INFO  : Launch script is exported to file 'G:\Workspace\.sdk\launch_scripts\xilinx_c-c++_application_(system_debugger)\mb1.tcl'
09:24:11 INFO  : Disconnected from the channel tcfchan#14.
09:24:12 INFO  : Connected to target on host '127.0.0.1' and port '3121'.
09:24:13 INFO  : Jtag cable 'Digilent JTAG-SMT1 210203A3D319A' is selected.
09:24:13 INFO  : 'jtag frequency' command is executed.
09:24:13 INFO  : 'targets -set -filter {jtag_cable_name =~ "Digilent JTAG-SMT1 210203A3D319A" && level==0} -index 0' command is executed.
09:24:19 INFO  : FPGA configured successfully with bitstream "G:/Workspace/system_top_hw_platform_1/download.bit"
09:24:19 INFO  : Context for processor 'mb0' is selected.
09:24:19 INFO  : Hardware design information is loaded from 'G:/Workspace/system_top_hw_platform_1/system.hdf'.
09:24:19 INFO  : Context for processor 'mb0' is selected.
09:24:19 INFO  : Processor reset is completed for 'mb0'.
09:24:20 INFO  : Context for processor 'mb1' is selected.
09:24:20 INFO  : Processor reset is completed for 'mb1'.
09:24:20 INFO  : Context for processor 'mb0' is selected.
09:24:43 INFO  : The application 'G:/Workspace/driver_HDMI/Debug/driver_HDMI.elf' is downloaded to processor 'mb0'.
09:24:43 INFO  : Context for processor 'mb1' is selected.
09:24:45 INFO  : The application 'G:/Workspace/MB1_RTOS/Debug/MB1_RTOS.elf' is downloaded to processor 'mb1'.
09:24:45 INFO  : ----------------XSDB Script----------------
connect -url tcp:127.0.0.1:3121
targets -set -filter {jtag_cable_name =~ "Digilent JTAG-SMT1 210203A3D319A" && level==0} -index 0
fpga -file G:/Workspace/system_top_hw_platform_1/download.bit
targets -set -nocase -filter {name =~ "microblaze*#1" && bscan=="USER2"  && jtag_cable_name =~ "Digilent JTAG-SMT1 210203A3D319A"} -index 0
loadhw G:/Workspace/system_top_hw_platform_1/system.hdf
targets -set -nocase -filter {name =~ "microblaze*#1" && bscan=="USER2"  && jtag_cable_name =~ "Digilent JTAG-SMT1 210203A3D319A"} -index 0
rst -processor
targets -set -nocase -filter {name =~ "microblaze*#0" && bscan=="USER2"  && jtag_cable_name =~ "Digilent JTAG-SMT1 210203A3D319A"} -index 0
rst -processor
targets -set -nocase -filter {name =~ "microblaze*#1" && bscan=="USER2"  && jtag_cable_name =~ "Digilent JTAG-SMT1 210203A3D319A"} -index 0
dow G:/Workspace/driver_HDMI/Debug/driver_HDMI.elf
targets -set -nocase -filter {name =~ "microblaze*#0" && bscan=="USER2"  && jtag_cable_name =~ "Digilent JTAG-SMT1 210203A3D319A"} -index 0
dow G:/Workspace/MB1_RTOS/Debug/MB1_RTOS.elf
----------------End of Script----------------

09:24:45 INFO  : Memory regions updated for context MicroBlaze #1
09:24:45 INFO  : Memory regions updated for context MicroBlaze #0
09:24:45 INFO  : Memory regions updated for context MicroBlaze #1
09:24:46 INFO  : Context for processor 'mb0' is selected.
09:24:46 INFO  : 'con' command is executed.
09:24:47 INFO  : Context for processor 'mb1' is selected.
09:24:47 INFO  : 'con' command is executed.
09:24:47 INFO  : ----------------XSDB Script (After Launch)----------------
targets -set -nocase -filter {name =~ "microblaze*#1" && bscan=="USER2"  && jtag_cable_name =~ "Digilent JTAG-SMT1 210203A3D319A"} -index 0
con
targets -set -nocase -filter {name =~ "microblaze*#0" && bscan=="USER2"  && jtag_cable_name =~ "Digilent JTAG-SMT1 210203A3D319A"} -index 0
con
----------------End of Script----------------

09:24:47 INFO  : Launch script is exported to file 'G:\Workspace\.sdk\launch_scripts\xilinx_c-c++_application_(system_debugger)\mb1.tcl'
09:27:26 INFO  : Disconnected from the channel tcfchan#15.
09:27:27 INFO  : Connected to target on host '127.0.0.1' and port '3121'.
09:27:27 INFO  : Jtag cable 'Digilent JTAG-SMT1 210203A3D319A' is selected.
09:27:27 INFO  : 'jtag frequency' command is executed.
09:27:27 INFO  : 'targets -set -filter {jtag_cable_name =~ "Digilent JTAG-SMT1 210203A3D319A" && level==0} -index 0' command is executed.
09:27:33 INFO  : FPGA configured successfully with bitstream "G:/Workspace/system_top_hw_platform_1/download.bit"
09:27:33 INFO  : Context for processor 'mb0' is selected.
09:27:34 INFO  : Hardware design information is loaded from 'G:/Workspace/system_top_hw_platform_1/system.hdf'.
09:27:34 INFO  : Context for processor 'mb0' is selected.
09:27:34 INFO  : Processor reset is completed for 'mb0'.
09:27:34 INFO  : Context for processor 'mb1' is selected.
09:27:34 INFO  : Processor reset is completed for 'mb1'.
09:27:34 INFO  : Context for processor 'mb0' is selected.
09:27:59 INFO  : The application 'G:/Workspace/driver_HDMI/Debug/driver_HDMI.elf' is downloaded to processor 'mb0'.
09:28:00 INFO  : Context for processor 'mb1' is selected.
09:28:01 INFO  : The application 'G:/Workspace/MB1_RTOS/Debug/MB1_RTOS.elf' is downloaded to processor 'mb1'.
09:28:01 INFO  : ----------------XSDB Script----------------
connect -url tcp:127.0.0.1:3121
targets -set -filter {jtag_cable_name =~ "Digilent JTAG-SMT1 210203A3D319A" && level==0} -index 0
fpga -file G:/Workspace/system_top_hw_platform_1/download.bit
targets -set -nocase -filter {name =~ "microblaze*#1" && bscan=="USER2"  && jtag_cable_name =~ "Digilent JTAG-SMT1 210203A3D319A"} -index 0
loadhw G:/Workspace/system_top_hw_platform_1/system.hdf
targets -set -nocase -filter {name =~ "microblaze*#1" && bscan=="USER2"  && jtag_cable_name =~ "Digilent JTAG-SMT1 210203A3D319A"} -index 0
rst -processor
targets -set -nocase -filter {name =~ "microblaze*#0" && bscan=="USER2"  && jtag_cable_name =~ "Digilent JTAG-SMT1 210203A3D319A"} -index 0
rst -processor
targets -set -nocase -filter {name =~ "microblaze*#1" && bscan=="USER2"  && jtag_cable_name =~ "Digilent JTAG-SMT1 210203A3D319A"} -index 0
dow G:/Workspace/driver_HDMI/Debug/driver_HDMI.elf
targets -set -nocase -filter {name =~ "microblaze*#0" && bscan=="USER2"  && jtag_cable_name =~ "Digilent JTAG-SMT1 210203A3D319A"} -index 0
dow G:/Workspace/MB1_RTOS/Debug/MB1_RTOS.elf
----------------End of Script----------------

09:28:01 INFO  : Memory regions updated for context MicroBlaze #1
09:28:01 INFO  : Memory regions updated for context MicroBlaze #0
09:28:01 INFO  : Memory regions updated for context MicroBlaze #1
09:28:02 INFO  : Context for processor 'mb0' is selected.
09:28:02 INFO  : 'con' command is executed.
09:28:02 INFO  : Context for processor 'mb1' is selected.
09:28:02 INFO  : 'con' command is executed.
09:28:02 INFO  : ----------------XSDB Script (After Launch)----------------
targets -set -nocase -filter {name =~ "microblaze*#1" && bscan=="USER2"  && jtag_cable_name =~ "Digilent JTAG-SMT1 210203A3D319A"} -index 0
con
targets -set -nocase -filter {name =~ "microblaze*#0" && bscan=="USER2"  && jtag_cable_name =~ "Digilent JTAG-SMT1 210203A3D319A"} -index 0
con
----------------End of Script----------------

09:28:02 INFO  : Launch script is exported to file 'G:\Workspace\.sdk\launch_scripts\xilinx_c-c++_application_(system_debugger)\mb1.tcl'
09:29:17 INFO  : Disconnected from the channel tcfchan#16.
09:29:18 INFO  : Connected to target on host '127.0.0.1' and port '3121'.
09:29:19 INFO  : Jtag cable 'Digilent JTAG-SMT1 210203A3D319A' is selected.
09:29:19 INFO  : 'jtag frequency' command is executed.
09:29:19 INFO  : 'targets -set -filter {jtag_cable_name =~ "Digilent JTAG-SMT1 210203A3D319A" && level==0} -index 0' command is executed.
09:29:26 INFO  : FPGA configured successfully with bitstream "G:/Workspace/system_top_hw_platform_1/download.bit"
09:29:26 INFO  : Context for processor 'mb0' is selected.
09:29:27 INFO  : Hardware design information is loaded from 'G:/Workspace/system_top_hw_platform_1/system.hdf'.
09:29:27 INFO  : Context for processor 'mb0' is selected.
09:29:27 INFO  : Processor reset is completed for 'mb0'.
09:29:28 INFO  : Context for processor 'mb1' is selected.
09:29:28 INFO  : Processor reset is completed for 'mb1'.
09:29:28 INFO  : Context for processor 'mb0' is selected.
09:29:49 INFO  : The application 'G:/Workspace/driver_HDMI/Debug/driver_HDMI.elf' is downloaded to processor 'mb0'.
09:29:49 INFO  : Context for processor 'mb1' is selected.
09:29:51 INFO  : The application 'G:/Workspace/MB1_RTOS/Debug/MB1_RTOS.elf' is downloaded to processor 'mb1'.
09:29:51 INFO  : ----------------XSDB Script----------------
connect -url tcp:127.0.0.1:3121
targets -set -filter {jtag_cable_name =~ "Digilent JTAG-SMT1 210203A3D319A" && level==0} -index 0
fpga -file G:/Workspace/system_top_hw_platform_1/download.bit
targets -set -nocase -filter {name =~ "microblaze*#1" && bscan=="USER2"  && jtag_cable_name =~ "Digilent JTAG-SMT1 210203A3D319A"} -index 0
loadhw G:/Workspace/system_top_hw_platform_1/system.hdf
targets -set -nocase -filter {name =~ "microblaze*#1" && bscan=="USER2"  && jtag_cable_name =~ "Digilent JTAG-SMT1 210203A3D319A"} -index 0
rst -processor
targets -set -nocase -filter {name =~ "microblaze*#0" && bscan=="USER2"  && jtag_cable_name =~ "Digilent JTAG-SMT1 210203A3D319A"} -index 0
rst -processor
targets -set -nocase -filter {name =~ "microblaze*#1" && bscan=="USER2"  && jtag_cable_name =~ "Digilent JTAG-SMT1 210203A3D319A"} -index 0
dow G:/Workspace/driver_HDMI/Debug/driver_HDMI.elf
targets -set -nocase -filter {name =~ "microblaze*#0" && bscan=="USER2"  && jtag_cable_name =~ "Digilent JTAG-SMT1 210203A3D319A"} -index 0
dow G:/Workspace/MB1_RTOS/Debug/MB1_RTOS.elf
----------------End of Script----------------

09:29:51 INFO  : Memory regions updated for context MicroBlaze #1
09:29:51 INFO  : Memory regions updated for context MicroBlaze #0
09:29:51 INFO  : Memory regions updated for context MicroBlaze #1
09:29:52 INFO  : Context for processor 'mb0' is selected.
09:29:52 INFO  : 'con' command is executed.
09:29:52 INFO  : Context for processor 'mb1' is selected.
09:29:52 INFO  : 'con' command is executed.
09:29:52 INFO  : ----------------XSDB Script (After Launch)----------------
targets -set -nocase -filter {name =~ "microblaze*#1" && bscan=="USER2"  && jtag_cable_name =~ "Digilent JTAG-SMT1 210203A3D319A"} -index 0
con
targets -set -nocase -filter {name =~ "microblaze*#0" && bscan=="USER2"  && jtag_cable_name =~ "Digilent JTAG-SMT1 210203A3D319A"} -index 0
con
----------------End of Script----------------

09:29:52 INFO  : Launch script is exported to file 'G:\Workspace\.sdk\launch_scripts\xilinx_c-c++_application_(system_debugger)\mb1.tcl'
09:34:33 INFO  : Disconnected from the channel tcfchan#17.
09:34:34 INFO  : Connected to target on host '127.0.0.1' and port '3121'.
09:34:35 INFO  : Jtag cable 'Digilent JTAG-SMT1 210203A3D319A' is selected.
09:34:35 INFO  : 'jtag frequency' command is executed.
09:34:35 INFO  : 'targets -set -filter {jtag_cable_name =~ "Digilent JTAG-SMT1 210203A3D319A" && level==0} -index 0' command is executed.
09:34:41 INFO  : FPGA configured successfully with bitstream "G:/Workspace/system_top_hw_platform_1/download.bit"
09:34:41 INFO  : Context for processor 'mb0' is selected.
09:34:42 INFO  : Hardware design information is loaded from 'G:/Workspace/system_top_hw_platform_1/system.hdf'.
09:34:42 INFO  : Context for processor 'mb0' is selected.
09:34:42 INFO  : Processor reset is completed for 'mb0'.
09:34:42 INFO  : Context for processor 'mb1' is selected.
09:34:42 INFO  : Processor reset is completed for 'mb1'.
09:34:42 INFO  : Context for processor 'mb0' is selected.
09:35:06 INFO  : The application 'G:/Workspace/driver_HDMI/Debug/driver_HDMI.elf' is downloaded to processor 'mb0'.
09:35:06 INFO  : Context for processor 'mb1' is selected.
09:35:09 INFO  : The application 'G:/Workspace/MB1_RTOS/Debug/MB1_RTOS.elf' is downloaded to processor 'mb1'.
09:35:09 INFO  : ----------------XSDB Script----------------
connect -url tcp:127.0.0.1:3121
targets -set -filter {jtag_cable_name =~ "Digilent JTAG-SMT1 210203A3D319A" && level==0} -index 0
fpga -file G:/Workspace/system_top_hw_platform_1/download.bit
targets -set -nocase -filter {name =~ "microblaze*#1" && bscan=="USER2"  && jtag_cable_name =~ "Digilent JTAG-SMT1 210203A3D319A"} -index 0
loadhw G:/Workspace/system_top_hw_platform_1/system.hdf
targets -set -nocase -filter {name =~ "microblaze*#1" && bscan=="USER2"  && jtag_cable_name =~ "Digilent JTAG-SMT1 210203A3D319A"} -index 0
rst -processor
targets -set -nocase -filter {name =~ "microblaze*#0" && bscan=="USER2"  && jtag_cable_name =~ "Digilent JTAG-SMT1 210203A3D319A"} -index 0
rst -processor
targets -set -nocase -filter {name =~ "microblaze*#1" && bscan=="USER2"  && jtag_cable_name =~ "Digilent JTAG-SMT1 210203A3D319A"} -index 0
dow G:/Workspace/driver_HDMI/Debug/driver_HDMI.elf
targets -set -nocase -filter {name =~ "microblaze*#0" && bscan=="USER2"  && jtag_cable_name =~ "Digilent JTAG-SMT1 210203A3D319A"} -index 0
dow G:/Workspace/MB1_RTOS/Debug/MB1_RTOS.elf
----------------End of Script----------------

09:35:09 INFO  : Memory regions updated for context MicroBlaze #1
09:35:09 INFO  : Memory regions updated for context MicroBlaze #0
09:35:09 INFO  : Memory regions updated for context MicroBlaze #1
09:35:09 INFO  : Context for processor 'mb0' is selected.
09:35:09 INFO  : 'con' command is executed.
09:35:09 INFO  : Context for processor 'mb1' is selected.
09:35:09 INFO  : 'con' command is executed.
09:35:09 INFO  : ----------------XSDB Script (After Launch)----------------
targets -set -nocase -filter {name =~ "microblaze*#1" && bscan=="USER2"  && jtag_cable_name =~ "Digilent JTAG-SMT1 210203A3D319A"} -index 0
con
targets -set -nocase -filter {name =~ "microblaze*#0" && bscan=="USER2"  && jtag_cable_name =~ "Digilent JTAG-SMT1 210203A3D319A"} -index 0
con
----------------End of Script----------------

09:35:09 INFO  : Launch script is exported to file 'G:\Workspace\.sdk\launch_scripts\xilinx_c-c++_application_(system_debugger)\mb1.tcl'
12:13:19 INFO  : Disconnected from the channel tcfchan#18.
07:57:12 INFO  : Registering command handlers for SDK TCF services
07:57:13 INFO  : Launching XSCT server: xsct.bat -interactive G:\Workspace\temp_xsdb_launch_script.tcl
07:57:20 INFO  : XSCT server has started successfully.
07:57:32 INFO  : Successfully done setting XSCT server connection channel  
07:57:32 INFO  : Successfully done setting SDK workspace  
